{
  "stats": {
    "suites": 1,
    "tests": 1,
    "passes": 1,
    "pending": 0,
    "failures": 0,
    "start": "2025-10-28T18:32:50.996Z",
    "end": "2025-10-28T18:33:05.147Z",
    "duration": 14151,
    "testsRegistered": 1,
    "passPercent": 100,
    "pendingPercent": 0,
    "other": 0,
    "hasOther": false,
    "skipped": 0,
    "hasSkipped": false
  },
  "results": [
    {
      "uuid": "7b65bf37-1e13-4d44-9088-2819f8c4a023",
      "title": "",
      "fullFile": "cypress\\e2e\\regression\\checkout.multiitem.cy.ts",
      "file": "cypress\\e2e\\regression\\checkout.multiitem.cy.ts",
      "beforeHooks": [],
      "afterHooks": [],
      "tests": [],
      "suites": [
        {
          "uuid": "f8672500-cdae-486e-a6a7-4de0ff6fdf7c",
          "title": "Checkout - Regression",
          "fullFile": "",
          "file": "",
          "beforeHooks": [],
          "afterHooks": [],
          "tests": [
            {
              "title": "handles multi-item checkout and validates totals",
              "fullTitle": "Checkout - Regression handles multi-item checkout and validates totals",
              "timedOut": null,
              "duration": 13575,
              "state": "passed",
              "speed": "slow",
              "pass": true,
              "fail": false,
              "pending": false,
              "context": null,
              "code": "cy.loginStandard();\nconst inventory = new InventoryPage_1.InventoryPage();\nconst cart = new CartPage_1.CartPage();\nconst checkout = new CheckoutPage_1.CheckoutPage();\ninventory.addItemByIndex(0);\ninventory.addItemByIndex(1);\ninventory.goToCart();\ncart.assertItems(2);\ncart.checkout();\ncy.fillDefaultCheckoutInfo();\ncheckout.assertSubtotalGreaterThan(0);",
              "err": {},
              "uuid": "4e9fdd5b-01fc-46c8-9459-28b4dcc158c9",
              "parentUUID": "f8672500-cdae-486e-a6a7-4de0ff6fdf7c",
              "isHook": false,
              "skipped": false
            }
          ],
          "suites": [],
          "passes": [
            "4e9fdd5b-01fc-46c8-9459-28b4dcc158c9"
          ],
          "failures": [],
          "pending": [],
          "skipped": [],
          "duration": 13575,
          "root": false,
          "rootEmpty": false,
          "_timeout": 2000
        }
      ],
      "passes": [],
      "failures": [],
      "pending": [],
      "skipped": [],
      "duration": 0,
      "root": true,
      "rootEmpty": true,
      "_timeout": 2000
    }
  ],
  "meta": {
    "mocha": {
      "version": "7.2.0"
    },
    "mochawesome": {
      "options": {
        "quiet": false,
        "reportFilename": "mochawesome",
        "saveHtml": false,
        "saveJson": true,
        "consoleReporter": "spec",
        "useInlineDiffs": false,
        "code": true
      },
      "version": "7.1.4"
    },
    "marge": {
      "options": {
        "reportDir": "cypress/reports",
        "overwrite": false,
        "html": false,
        "json": true
      },
      "version": "6.3.0"
    }
  }
}