{
  "stats": {
    "suites": 1,
    "tests": 1,
    "passes": 1,
    "pending": 0,
    "failures": 0,
    "start": "2025-10-28T18:37:10.374Z",
    "end": "2025-10-28T18:37:18.774Z",
    "duration": 8400,
    "testsRegistered": 1,
    "passPercent": 100,
    "pendingPercent": 0,
    "other": 0,
    "hasOther": false,
    "skipped": 0,
    "hasSkipped": false
  },
  "results": [
    {
      "uuid": "339f9dee-0a24-4a8a-ac8d-12b8449ca64a",
      "title": "",
      "fullFile": "cypress\\e2e\\negative\\checkout.address.validation.cy.ts",
      "file": "cypress\\e2e\\negative\\checkout.address.validation.cy.ts",
      "beforeHooks": [],
      "afterHooks": [],
      "tests": [],
      "suites": [
        {
          "uuid": "7c8667f0-efae-43a5-b1af-1da6e786970e",
          "title": "Checkout - Negative",
          "fullFile": "",
          "file": "",
          "beforeHooks": [],
          "afterHooks": [],
          "tests": [
            {
              "title": "blocks continue without postal code",
              "fullTitle": "Checkout - Negative blocks continue without postal code",
              "timedOut": null,
              "duration": 8173,
              "state": "passed",
              "speed": "medium",
              "pass": true,
              "fail": false,
              "pending": false,
              "context": null,
              "code": "const login = new LoginPage_1.LoginPage();\nlogin.visit();\nlogin.login(users_json_1.default.standard.username, users_json_1.default.standard.password);\nconst inventory = new InventoryPage_1.InventoryPage();\nconst cart = new CartPage_1.CartPage();\nconst checkout = new CheckoutPage_1.CheckoutPage();\ninventory.addItemByIndex(0);\ninventory.goToCart();\ncart.checkout();\ncheckout.fillInfoNoPostalCode(addresses_json_1.default.missingPostal.firstName, addresses_json_1.default.missingPostal.lastName);\ncheckout.assertError('Error');",
              "err": {},
              "uuid": "f937af19-30f2-40d3-b9f2-a5d334e4f01d",
              "parentUUID": "7c8667f0-efae-43a5-b1af-1da6e786970e",
              "isHook": false,
              "skipped": false
            }
          ],
          "suites": [],
          "passes": [
            "f937af19-30f2-40d3-b9f2-a5d334e4f01d"
          ],
          "failures": [],
          "pending": [],
          "skipped": [],
          "duration": 8173,
          "root": false,
          "rootEmpty": false,
          "_timeout": 2000
        }
      ],
      "passes": [],
      "failures": [],
      "pending": [],
      "skipped": [],
      "duration": 0,
      "root": true,
      "rootEmpty": true,
      "_timeout": 2000
    }
  ],
  "meta": {
    "mocha": {
      "version": "7.2.0"
    },
    "mochawesome": {
      "options": {
        "quiet": false,
        "reportFilename": "mochawesome",
        "saveHtml": false,
        "saveJson": true,
        "consoleReporter": "spec",
        "useInlineDiffs": false,
        "code": true
      },
      "version": "7.1.4"
    },
    "marge": {
      "options": {
        "reportDir": "cypress/reports",
        "overwrite": false,
        "html": false,
        "json": true
      },
      "version": "6.3.0"
    }
  }
}