{
  "stats": {
    "suites": 1,
    "tests": 2,
    "passes": 2,
    "pending": 0,
    "failures": 0,
    "start": "2025-10-28T18:32:28.707Z",
    "end": "2025-10-28T18:32:30.365Z",
    "duration": 1658,
    "testsRegistered": 2,
    "passPercent": 100,
    "pendingPercent": 0,
    "other": 0,
    "hasOther": false,
    "skipped": 0,
    "hasSkipped": false
  },
  "results": [
    {
      "uuid": "82448744-9a76-434d-a19f-1b513f1aa587",
      "title": "",
      "fullFile": "cypress\\e2e\\contract\\GET.products.api.cy.ts",
      "file": "cypress\\e2e\\contract\\GET.products.api.cy.ts",
      "beforeHooks": [],
      "afterHooks": [],
      "tests": [],
      "suites": [
        {
          "uuid": "3e882649-536d-4eb0-8f35-5bcc59651f5f",
          "title": "API Contract - Products",
          "fullFile": "",
          "file": "",
          "beforeHooks": [],
          "afterHooks": [],
          "tests": [
            {
              "title": "GET /products returns list matching schema",
              "fullTitle": "API Contract - Products GET /products returns list matching schema",
              "timedOut": null,
              "duration": 1147,
              "state": "passed",
              "speed": "fast",
              "pass": true,
              "fail": false,
              "pending": false,
              "context": null,
              "code": "cy.request({\n    method: 'GET',\n    url: 'https://fakestoreapi.com/products',\n    failOnStatusCode: false\n})\n    .then((res) => {\n    expect(res.status).to.eq(200);\n    const validate = ajv.compile({ type: 'array', items: product_schema_json_1.default });\n    expect(validate(res.body)).to.be.true;\n});",
              "err": {},
              "uuid": "3cf06587-d641-453b-a4cc-7364ea275c12",
              "parentUUID": "3e882649-536d-4eb0-8f35-5bcc59651f5f",
              "isHook": false,
              "skipped": false
            },
            {
              "title": "GET /products/:id returns product matching schema",
              "fullTitle": "API Contract - Products GET /products/:id returns product matching schema",
              "timedOut": null,
              "duration": 386,
              "state": "passed",
              "speed": "fast",
              "pass": true,
              "fail": false,
              "pending": false,
              "context": null,
              "code": "cy.request({\n    method: 'GET',\n    url: 'https://fakestoreapi.com/products/1',\n    failOnStatusCode: false\n})\n    .then((res) => {\n    expect(res.status).to.eq(200);\n    const validate = ajv.compile(product_schema_json_1.default);\n    expect(validate(res.body)).to.be.true;\n    expect(res.body.price).to.be.greaterThan(0);\n});",
              "err": {},
              "uuid": "60a84b15-4f76-4a5c-ae02-7552821f9aec",
              "parentUUID": "3e882649-536d-4eb0-8f35-5bcc59651f5f",
              "isHook": false,
              "skipped": false
            }
          ],
          "suites": [],
          "passes": [
            "3cf06587-d641-453b-a4cc-7364ea275c12",
            "60a84b15-4f76-4a5c-ae02-7552821f9aec"
          ],
          "failures": [],
          "pending": [],
          "skipped": [],
          "duration": 1533,
          "root": false,
          "rootEmpty": false,
          "_timeout": 2000
        }
      ],
      "passes": [],
      "failures": [],
      "pending": [],
      "skipped": [],
      "duration": 0,
      "root": true,
      "rootEmpty": true,
      "_timeout": 2000
    }
  ],
  "meta": {
    "mocha": {
      "version": "7.2.0"
    },
    "mochawesome": {
      "options": {
        "quiet": false,
        "reportFilename": "mochawesome",
        "saveHtml": false,
        "saveJson": true,
        "consoleReporter": "spec",
        "useInlineDiffs": false,
        "code": true
      },
      "version": "7.1.4"
    },
    "marge": {
      "options": {
        "reportDir": "cypress/reports",
        "overwrite": false,
        "html": false,
        "json": true
      },
      "version": "6.3.0"
    }
  }
}