{
  "stats": {
    "suites": 1,
    "tests": 1,
    "passes": 1,
    "pending": 0,
    "failures": 0,
    "start": "2025-10-28T18:58:56.613Z",
    "end": "2025-10-28T18:59:00.618Z",
    "duration": 4005,
    "testsRegistered": 1,
    "passPercent": 100,
    "pendingPercent": 0,
    "other": 0,
    "hasOther": false,
    "skipped": 0,
    "hasSkipped": false
  },
  "results": [
    {
      "uuid": "995c97cf-a6fd-4d52-ae05-9d2a9c863e79",
      "title": "",
      "fullFile": "cypress\\e2e\\smoke\\checkout.smoke.cy.ts",
      "file": "cypress\\e2e\\smoke\\checkout.smoke.cy.ts",
      "beforeHooks": [],
      "afterHooks": [],
      "tests": [],
      "suites": [
        {
          "uuid": "e01d8ca5-1ea5-4316-affb-0945f31c4380",
          "title": "Checkout - Smoke",
          "fullFile": "",
          "file": "",
          "beforeHooks": [],
          "afterHooks": [],
          "tests": [
            {
              "title": "completes checkout with valid data",
              "fullTitle": "Checkout - Smoke completes checkout with valid data",
              "timedOut": null,
              "duration": 3933,
              "state": "passed",
              "speed": "fast",
              "pass": true,
              "fail": false,
              "pending": false,
              "context": null,
              "code": "cy.loginStandard();\nconst inventory = new InventoryPage_1.InventoryPage();\nconst cart = new CartPage_1.CartPage();\nconst checkout = new CheckoutPage_1.CheckoutPage();\ninventory.addItemByIndex(0);\ninventory.goToCart();\ncart.assertItems(1);\ncart.checkout();\ncy.fillDefaultCheckoutInfo();\ncheckout.finish();\ncheckout.assertCompleted();",
              "err": {},
              "uuid": "59f79c06-1aab-419c-a5f4-b1d5d69f422d",
              "parentUUID": "e01d8ca5-1ea5-4316-affb-0945f31c4380",
              "isHook": false,
              "skipped": false
            }
          ],
          "suites": [],
          "passes": [
            "59f79c06-1aab-419c-a5f4-b1d5d69f422d"
          ],
          "failures": [],
          "pending": [],
          "skipped": [],
          "duration": 3933,
          "root": false,
          "rootEmpty": false,
          "_timeout": 2000
        }
      ],
      "passes": [],
      "failures": [],
      "pending": [],
      "skipped": [],
      "duration": 0,
      "root": true,
      "rootEmpty": true,
      "_timeout": 2000
    }
  ],
  "meta": {
    "mocha": {
      "version": "7.2.0"
    },
    "mochawesome": {
      "options": {
        "quiet": false,
        "reportFilename": "mochawesome",
        "saveHtml": true,
        "saveJson": true,
        "consoleReporter": "spec",
        "useInlineDiffs": false,
        "code": true
      },
      "version": "7.1.4"
    },
    "marge": {
      "options": {
        "reportDir": "cypress/reports",
        "overwrite": true,
        "html": true,
        "json": true
      },
      "version": "6.3.0"
    }
  }
}