{
  "stats": {
    "suites": 1,
    "tests": 1,
    "passes": 0,
    "pending": 0,
    "failures": 1,
    "start": "2025-10-28T04:52:29.042Z",
    "end": "2025-10-28T04:52:30.784Z",
    "duration": 1742,
    "testsRegistered": 1,
    "passPercent": 0,
    "pendingPercent": 0,
    "other": 0,
    "hasOther": false,
    "skipped": 0,
    "hasSkipped": false
  },
  "results": [
    {
      "uuid": "48629781-0e38-463f-9897-787289ea04aa",
      "title": "",
      "fullFile": "cypress\\e2e\\regression\\checkout.multiitem.cy.ts",
      "file": "cypress\\e2e\\regression\\checkout.multiitem.cy.ts",
      "beforeHooks": [],
      "afterHooks": [],
      "tests": [],
      "suites": [
        {
          "uuid": "bfcc454f-55ff-4a1c-b8b3-9cb53171efdc",
          "title": "Checkout - Regression",
          "fullFile": "",
          "file": "",
          "beforeHooks": [],
          "afterHooks": [],
          "tests": [
            {
              "title": "handles multi-item checkout and validates totals",
              "fullTitle": "Checkout - Regression handles multi-item checkout and validates totals",
              "timedOut": null,
              "duration": 698,
              "state": "failed",
              "speed": null,
              "pass": false,
              "fail": true,
              "pending": false,
              "context": null,
              "code": "cy.loginStandard();\nconst inventory = new InventoryPage_1.InventoryPage();\nconst cart = new CartPage_1.CartPage();\nconst checkout = new CheckoutPage_1.CheckoutPage();\ninventory.addItemByIndex(0);\ninventory.addItemByIndex(1);\ninventory.goToCart();\ncart.assertItems(2);\ncart.checkout();\ncy.fillDefaultCheckoutInfo();\ncheckout.assertSubtotalGreaterThan(0);",
              "err": {
                "message": "TypeError: cy.loginStandard is not a function",
                "estack": "TypeError: cy.loginStandard is not a function\n    at Context.eval (webpack://qa-checkout-cypress/./cypress/e2e/regression/checkout.multiitem.cy.ts:7:7)\n    at runnable.fn (https://www.saucedemo.com/__cypress/runner/cypress_runner.js:145850:19)\n    at callFn (https://www.saucedemo.com/__cypress/runner/cypress_runner.js:164942:21)\n    at Runnable.run (https://www.saucedemo.com/__cypress/runner/cypress_runner.js:164929:7)\n    at <unknown> (https://www.saucedemo.com/__cypress/runner/cypress_runner.js:171024:30)\n    at PassThroughHandlerContext.finallyHandler (https://www.saucedemo.com/__cypress/runner/cypress_runner.js:4042:23)\n    at PassThroughHandlerContext.tryCatcher (https://www.saucedemo.com/__cypress/runner/cypress_runner.js:1777:23)\n    at Promise._settlePromiseFromHandler (https://www.saucedemo.com/__cypress/runner/cypress_runner.js:1489:31)\n    at Promise._settlePromise (https://www.saucedemo.com/__cypress/runner/cypress_runner.js:1546:18)",
                "diff": null
              },
              "uuid": "5eafce63-5729-43ec-9ee1-c976c6afb5ba",
              "parentUUID": "bfcc454f-55ff-4a1c-b8b3-9cb53171efdc",
              "isHook": false,
              "skipped": false
            }
          ],
          "suites": [],
          "passes": [],
          "failures": [
            "5eafce63-5729-43ec-9ee1-c976c6afb5ba"
          ],
          "pending": [],
          "skipped": [],
          "duration": 698,
          "root": false,
          "rootEmpty": false,
          "_timeout": 2000
        }
      ],
      "passes": [],
      "failures": [],
      "pending": [],
      "skipped": [],
      "duration": 0,
      "root": true,
      "rootEmpty": true,
      "_timeout": 2000
    }
  ],
  "meta": {
    "mocha": {
      "version": "7.2.0"
    },
    "mochawesome": {
      "options": {
        "quiet": false,
        "reportFilename": "mochawesome",
        "saveHtml": true,
        "saveJson": true,
        "consoleReporter": "spec",
        "useInlineDiffs": false,
        "code": true
      },
      "version": "7.1.4"
    },
    "marge": {
      "options": {
        "reportDir": "cypress/reports",
        "overwrite": false,
        "html": true,
        "json": true
      },
      "version": "6.3.0"
    }
  }
}