{
  "stats": {
    "suites": 1,
    "tests": 1,
    "passes": 1,
    "pending": 0,
    "failures": 0,
    "start": "2025-10-28T18:32:44.039Z",
    "end": "2025-10-28T18:32:44.660Z",
    "duration": 621,
    "testsRegistered": 1,
    "passPercent": 100,
    "pendingPercent": 0,
    "other": 0,
    "hasOther": false,
    "skipped": 0,
    "hasSkipped": false
  },
  "results": [
    {
      "uuid": "9f1e8761-caad-4fbc-8e2b-5bf3d56df273",
      "title": "",
      "fullFile": "cypress\\e2e\\contract\\PUT.products.api.cy.ts",
      "file": "cypress\\e2e\\contract\\PUT.products.api.cy.ts",
      "beforeHooks": [],
      "afterHooks": [],
      "tests": [],
      "suites": [
        {
          "uuid": "ae50d749-6ecc-41fc-8e50-bc0bbab3c339",
          "title": "API Contract - PUT",
          "fullFile": "",
          "file": "",
          "beforeHooks": [],
          "afterHooks": [],
          "tests": [
            {
              "title": "PUT /products/:id updates product with valid schema",
              "fullTitle": "API Contract - PUT PUT /products/:id updates product with valid schema",
              "timedOut": null,
              "duration": 538,
              "state": "passed",
              "speed": "fast",
              "pass": true,
              "fail": false,
              "pending": false,
              "context": null,
              "code": "cy.request('PUT', 'https://fakestoreapi.com/products/1', {\n    title: 'Updated Product',\n    price: 39.99\n}).then((res) => {\n    expect(res.status).to.eq(200);\n    const validate = ajv.compile(product_schema_json_1.default);\n    expect(validate(res.body)).to.be.false;\n    expect(res.body.title).to.eq('Updated Product');\n});",
              "err": {},
              "uuid": "5c0c93ec-e409-4e7d-b374-6d517aee9d0a",
              "parentUUID": "ae50d749-6ecc-41fc-8e50-bc0bbab3c339",
              "isHook": false,
              "skipped": false
            }
          ],
          "suites": [],
          "passes": [
            "5c0c93ec-e409-4e7d-b374-6d517aee9d0a"
          ],
          "failures": [],
          "pending": [],
          "skipped": [],
          "duration": 538,
          "root": false,
          "rootEmpty": false,
          "_timeout": 2000
        }
      ],
      "passes": [],
      "failures": [],
      "pending": [],
      "skipped": [],
      "duration": 0,
      "root": true,
      "rootEmpty": true,
      "_timeout": 2000
    }
  ],
  "meta": {
    "mocha": {
      "version": "7.2.0"
    },
    "mochawesome": {
      "options": {
        "quiet": false,
        "reportFilename": "mochawesome",
        "saveHtml": false,
        "saveJson": true,
        "consoleReporter": "spec",
        "useInlineDiffs": false,
        "code": true
      },
      "version": "7.1.4"
    },
    "marge": {
      "options": {
        "reportDir": "cypress/reports",
        "overwrite": false,
        "html": false,
        "json": true
      },
      "version": "6.3.0"
    }
  }
}