{
  "stats": {
    "suites": 1,
    "tests": 2,
    "passes": 2,
    "pending": 0,
    "failures": 0,
    "start": "2025-10-28T04:52:19.311Z",
    "end": "2025-10-28T04:52:20.277Z",
    "duration": 966,
    "testsRegistered": 2,
    "passPercent": 100,
    "pendingPercent": 0,
    "other": 0,
    "hasOther": false,
    "skipped": 0,
    "hasSkipped": false
  },
  "results": [
    {
      "uuid": "d2f35e56-fa61-4b0a-8bba-ecab7e650cb5",
      "title": "",
      "fullFile": "cypress\\e2e\\contract\\products.api.extended.cy.ts",
      "file": "cypress\\e2e\\contract\\products.api.extended.cy.ts",
      "beforeHooks": [],
      "afterHooks": [],
      "tests": [],
      "suites": [
        {
          "uuid": "25285157-8240-4f99-9d57-8c28e9e63145",
          "title": "API Contract - Extended",
          "fullFile": "",
          "file": "",
          "beforeHooks": [],
          "afterHooks": [],
          "tests": [
            {
              "title": "POST /products creates product with valid schema",
              "fullTitle": "API Contract - Extended POST /products creates product with valid schema",
              "timedOut": null,
              "duration": 507,
              "state": "passed",
              "speed": "fast",
              "pass": true,
              "fail": false,
              "pending": false,
              "context": null,
              "code": "cy.request('POST', 'https://fakestoreapi.com/products', {\n    title: 'Test Product',\n    price: 29.99,\n    description: 'QA automation test',\n    image: 'https://i.pravatar.cc',\n    category: 'electronics'\n}).then((res) => {\n    expect(res.status).to.eq(201);\n    const validate = ajv.compile(product_schema_json_1.default);\n    expect(validate(res.body)).to.be.true;\n});",
              "err": {},
              "uuid": "c36c36af-4111-43cd-b149-b67b16b80538",
              "parentUUID": "25285157-8240-4f99-9d57-8c28e9e63145",
              "isHook": false,
              "skipped": false
            },
            {
              "title": "PUT /products/:id updates product with valid schema",
              "fullTitle": "API Contract - Extended PUT /products/:id updates product with valid schema",
              "timedOut": null,
              "duration": 365,
              "state": "passed",
              "speed": "fast",
              "pass": true,
              "fail": false,
              "pending": false,
              "context": null,
              "code": "cy.request('PUT', 'https://fakestoreapi.com/products/1', {\n    title: 'Updated Product',\n    price: 39.99\n}).then((res) => {\n    expect(res.status).to.eq(200);\n    const validate = ajv.compile(product_schema_json_1.default);\n    expect(validate(res.body)).to.be.false;\n    expect(res.body.title).to.eq('Updated Product');\n});",
              "err": {},
              "uuid": "d6ec70d5-7f35-4a37-9bd1-728c5e21795f",
              "parentUUID": "25285157-8240-4f99-9d57-8c28e9e63145",
              "isHook": false,
              "skipped": false
            }
          ],
          "suites": [],
          "passes": [
            "c36c36af-4111-43cd-b149-b67b16b80538",
            "d6ec70d5-7f35-4a37-9bd1-728c5e21795f"
          ],
          "failures": [],
          "pending": [],
          "skipped": [],
          "duration": 872,
          "root": false,
          "rootEmpty": false,
          "_timeout": 2000
        }
      ],
      "passes": [],
      "failures": [],
      "pending": [],
      "skipped": [],
      "duration": 0,
      "root": true,
      "rootEmpty": true,
      "_timeout": 2000
    }
  ],
  "meta": {
    "mocha": {
      "version": "7.2.0"
    },
    "mochawesome": {
      "options": {
        "quiet": false,
        "reportFilename": "mochawesome",
        "saveHtml": true,
        "saveJson": true,
        "consoleReporter": "spec",
        "useInlineDiffs": false,
        "code": true
      },
      "version": "7.1.4"
    },
    "marge": {
      "options": {
        "reportDir": "cypress/reports",
        "overwrite": false,
        "html": true,
        "json": true
      },
      "version": "6.3.0"
    }
  }
}