{
  "stats": {
    "suites": 1,
    "tests": 1,
    "passes": 0,
    "pending": 0,
    "failures": 1,
    "start": "2025-10-28T04:52:38.715Z",
    "end": "2025-10-28T04:52:55.177Z",
    "duration": 16462,
    "testsRegistered": 1,
    "passPercent": 0,
    "pendingPercent": 0,
    "other": 0,
    "hasOther": false,
    "skipped": 0,
    "hasSkipped": false
  },
  "results": [
    {
      "uuid": "c1967bb1-2161-48fb-ba3a-109871829155",
      "title": "",
      "fullFile": "cypress\\e2e\\negative\\checkout.address.validation.cy.ts",
      "file": "cypress\\e2e\\negative\\checkout.address.validation.cy.ts",
      "beforeHooks": [],
      "afterHooks": [],
      "tests": [],
      "suites": [
        {
          "uuid": "c6be91fa-25c3-4c2e-bf7a-8771bcd57280",
          "title": "Checkout - Negative",
          "fullFile": "",
          "file": "",
          "beforeHooks": [],
          "afterHooks": [],
          "tests": [
            {
              "title": "blocks continue without postal code",
              "fullTitle": "Checkout - Negative blocks continue without postal code",
              "timedOut": null,
              "duration": 8151,
              "state": "failed",
              "speed": null,
              "pass": false,
              "fail": true,
              "pending": false,
              "context": null,
              "code": "const login = new LoginPage_1.LoginPage();\nlogin.visit();\nlogin.login(users_json_1.default.standard.username, users_json_1.default.standard.password);\nconst inventory = new InventoryPage_1.InventoryPage();\nconst cart = new CartPage_1.CartPage();\nconst checkout = new CheckoutPage_1.CheckoutPage();\ninventory.addItemByIndex(0);\ninventory.goToCart();\ncart.checkout();\ncheckout.fillInfo(addresses_json_1.default.missingPostal.firstName, addresses_json_1.default.missingPostal.lastName, addresses_json_1.default.missingPostal.postalCode);\ncheckout.assertError('Error');",
              "err": {
                "message": "CypressError: `cy.type()` cannot accept an empty string. You need to actually type something.\n\nhttps://on.cypress.io/type",
                "estack": "CypressError: `cy.type()` cannot accept an empty string. You need to actually type something.\n\nhttps://on.cypress.io/type\n    at Context.type (https://www.saucedemo.com/__cypress/runner/cypress_runner.js:117002:68)\n    at wrapped (https://www.saucedemo.com/__cypress/runner/cypress_runner.js:145577:19)\nFrom Your Spec Code:\n    at CheckoutPage.fillInfo (webpack://qa-checkout-cypress/./cypress/pages/CheckoutPage.ts:7:41)\n    at Context.eval (webpack://qa-checkout-cypress/./cypress/e2e/negative/checkout.address.validation.cy.ts:23:13)",
                "diff": null
              },
              "uuid": "46713fb8-dc19-49be-a74a-af21fb556898",
              "parentUUID": "c6be91fa-25c3-4c2e-bf7a-8771bcd57280",
              "isHook": false,
              "skipped": false
            }
          ],
          "suites": [],
          "passes": [],
          "failures": [
            "46713fb8-dc19-49be-a74a-af21fb556898"
          ],
          "pending": [],
          "skipped": [],
          "duration": 8151,
          "root": false,
          "rootEmpty": false,
          "_timeout": 2000
        }
      ],
      "passes": [],
      "failures": [],
      "pending": [],
      "skipped": [],
      "duration": 0,
      "root": true,
      "rootEmpty": true,
      "_timeout": 2000
    }
  ],
  "meta": {
    "mocha": {
      "version": "7.2.0"
    },
    "mochawesome": {
      "options": {
        "quiet": false,
        "reportFilename": "mochawesome",
        "saveHtml": true,
        "saveJson": true,
        "consoleReporter": "spec",
        "useInlineDiffs": false,
        "code": true
      },
      "version": "7.1.4"
    },
    "marge": {
      "options": {
        "reportDir": "cypress/reports",
        "overwrite": false,
        "html": true,
        "json": true
      },
      "version": "6.3.0"
    }
  }
}