{
  "stats": {
    "suites": 1,
    "tests": 1,
    "passes": 1,
    "pending": 0,
    "failures": 0,
    "start": "2025-10-28T18:36:20.660Z",
    "end": "2025-10-28T18:36:36.770Z",
    "duration": 16110,
    "testsRegistered": 1,
    "passPercent": 100,
    "pendingPercent": 0,
    "other": 0,
    "hasOther": false,
    "skipped": 0,
    "hasSkipped": false
  },
  "results": [
    {
      "uuid": "7b1a50a4-0c5b-4556-b3e6-368a2f8d69f0",
      "title": "",
      "fullFile": "cypress\\e2e\\smoke\\checkout.smoke.cy.ts",
      "file": "cypress\\e2e\\smoke\\checkout.smoke.cy.ts",
      "beforeHooks": [],
      "afterHooks": [],
      "tests": [],
      "suites": [
        {
          "uuid": "4cd10f6b-44f5-44a3-bbc0-fea1bb7dbe83",
          "title": "Checkout - Smoke",
          "fullFile": "",
          "file": "",
          "beforeHooks": [],
          "afterHooks": [],
          "tests": [
            {
              "title": "completes checkout with valid data",
              "fullTitle": "Checkout - Smoke completes checkout with valid data",
              "timedOut": null,
              "duration": 15879,
              "state": "passed",
              "speed": "slow",
              "pass": true,
              "fail": false,
              "pending": false,
              "context": null,
              "code": "cy.loginStandard();\nconst inventory = new InventoryPage_1.InventoryPage();\nconst cart = new CartPage_1.CartPage();\nconst checkout = new CheckoutPage_1.CheckoutPage();\ninventory.addItemByIndex(0);\ninventory.goToCart();\ncart.assertItems(1);\ncart.checkout();\ncy.fillDefaultCheckoutInfo();\ncheckout.finish();\ncheckout.assertCompleted();",
              "err": {},
              "uuid": "be1e191b-97e0-4af1-b074-38329233c905",
              "parentUUID": "4cd10f6b-44f5-44a3-bbc0-fea1bb7dbe83",
              "isHook": false,
              "skipped": false
            }
          ],
          "suites": [],
          "passes": [
            "be1e191b-97e0-4af1-b074-38329233c905"
          ],
          "failures": [],
          "pending": [],
          "skipped": [],
          "duration": 15879,
          "root": false,
          "rootEmpty": false,
          "_timeout": 2000
        }
      ],
      "passes": [],
      "failures": [],
      "pending": [],
      "skipped": [],
      "duration": 0,
      "root": true,
      "rootEmpty": true,
      "_timeout": 2000
    }
  ],
  "meta": {
    "mocha": {
      "version": "7.2.0"
    },
    "mochawesome": {
      "options": {
        "quiet": false,
        "reportFilename": "mochawesome",
        "saveHtml": false,
        "saveJson": true,
        "consoleReporter": "spec",
        "useInlineDiffs": false,
        "code": true
      },
      "version": "7.1.4"
    },
    "marge": {
      "options": {
        "reportDir": "cypress/reports",
        "overwrite": false,
        "html": false,
        "json": true
      },
      "version": "6.3.0"
    }
  }
}