{
  "stats": {
    "suites": 1,
    "tests": 2,
    "passes": 2,
    "pending": 0,
    "failures": 0,
    "start": "2025-10-28T04:52:05.565Z",
    "end": "2025-10-28T04:52:06.992Z",
    "duration": 1427,
    "testsRegistered": 2,
    "passPercent": 100,
    "pendingPercent": 0,
    "other": 0,
    "hasOther": false,
    "skipped": 0,
    "hasSkipped": false
  },
  "results": [
    {
      "uuid": "d329736b-937b-4389-8fbd-fdabd7fde55d",
      "title": "",
      "fullFile": "cypress\\e2e\\contract\\products.api.cy.ts",
      "file": "cypress\\e2e\\contract\\products.api.cy.ts",
      "beforeHooks": [],
      "afterHooks": [],
      "tests": [],
      "suites": [
        {
          "uuid": "1b2fb482-e3c4-484d-8e88-e7ec051ee86a",
          "title": "API Contract - Products",
          "fullFile": "",
          "file": "",
          "beforeHooks": [],
          "afterHooks": [],
          "tests": [
            {
              "title": "GET /products returns list matching schema",
              "fullTitle": "API Contract - Products GET /products returns list matching schema",
              "timedOut": null,
              "duration": 933,
              "state": "passed",
              "speed": "fast",
              "pass": true,
              "fail": false,
              "pending": false,
              "context": null,
              "code": "cy.request({\n    method: 'GET',\n    url: 'https://fakestoreapi.com/products',\n    failOnStatusCode: false\n})\n    .then((res) => {\n    expect(res.status).to.eq(200);\n    const validate = ajv.compile({ type: 'array', items: product_schema_json_1.default });\n    expect(validate(res.body)).to.be.true;\n});",
              "err": {},
              "uuid": "fd187769-3259-48bc-9393-b04fa2af9a1c",
              "parentUUID": "1b2fb482-e3c4-484d-8e88-e7ec051ee86a",
              "isHook": false,
              "skipped": false
            },
            {
              "title": "GET /products/:id returns product matching schema",
              "fullTitle": "API Contract - Products GET /products/:id returns product matching schema",
              "timedOut": null,
              "duration": 387,
              "state": "passed",
              "speed": "fast",
              "pass": true,
              "fail": false,
              "pending": false,
              "context": null,
              "code": "cy.request({\n    method: 'GET',\n    url: 'https://fakestoreapi.com/products/1',\n    failOnStatusCode: false\n})\n    .then((res) => {\n    expect(res.status).to.eq(200);\n    const validate = ajv.compile(product_schema_json_1.default);\n    expect(validate(res.body)).to.be.true;\n    expect(res.body.price).to.be.greaterThan(0);\n});",
              "err": {},
              "uuid": "1bdb8b28-f635-4f04-bcac-0a22c1a78a15",
              "parentUUID": "1b2fb482-e3c4-484d-8e88-e7ec051ee86a",
              "isHook": false,
              "skipped": false
            }
          ],
          "suites": [],
          "passes": [
            "fd187769-3259-48bc-9393-b04fa2af9a1c",
            "1bdb8b28-f635-4f04-bcac-0a22c1a78a15"
          ],
          "failures": [],
          "pending": [],
          "skipped": [],
          "duration": 1320,
          "root": false,
          "rootEmpty": false,
          "_timeout": 2000
        }
      ],
      "passes": [],
      "failures": [],
      "pending": [],
      "skipped": [],
      "duration": 0,
      "root": true,
      "rootEmpty": true,
      "_timeout": 2000
    }
  ],
  "meta": {
    "mocha": {
      "version": "7.2.0"
    },
    "mochawesome": {
      "options": {
        "quiet": false,
        "reportFilename": "mochawesome",
        "saveHtml": true,
        "saveJson": true,
        "consoleReporter": "spec",
        "useInlineDiffs": false,
        "code": true
      },
      "version": "7.1.4"
    },
    "marge": {
      "options": {
        "reportDir": "cypress/reports",
        "overwrite": false,
        "html": true,
        "json": true
      },
      "version": "6.3.0"
    }
  }
}